<?xml version="1.0" encoding="UTF-8"?>
<testng-results skipped="0" failed="1" ignored="0" total="7" passed="6">
  <reporter-output>
  </reporter-output>
  <suite name="Default suite" duration-ms="47397" started-at="2022-03-24T13:03:01 EDT" finished-at="2022-03-24T13:03:48 EDT">
    <groups>
      <group name="cucumber">
        <method signature="TestRunnerTestNGScenario.scenario(io.cucumber.testng.PickleWrapper,io.cucumber.testng.FeatureWrapper)[pri:0, instance:MyConfig.TestRunnerTestNGScenario@1b083826]" name="scenario" class="MyConfig.TestRunnerTestNGScenario"/>
      </group> <!-- cucumber -->
    </groups>
    <test name="Default test" duration-ms="47397" started-at="2022-03-24T13:03:01 EDT" finished-at="2022-03-24T13:03:48 EDT">
      <class name="MyConfig.TestRunnerTestNGScenario">
        <test-method status="PASS" signature="setUpClass()[pri:0, instance:MyConfig.TestRunnerTestNGScenario@1b083826]" name="setUpClass" is-config="true" duration-ms="5446" started-at="2022-03-24T13:03:01 EDT" finished-at="2022-03-24T13:03:06 EDT">
          <reporter-output>
          </reporter-output>
        </test-method> <!-- setUpClass -->
        <test-method status="PASS" signature="scenario(io.cucumber.testng.PickleWrapper,io.cucumber.testng.FeatureWrapper)[pri:0, instance:MyConfig.TestRunnerTestNGScenario@1b083826]" name="scenario" duration-ms="174" started-at="2022-03-24T13:03:06 EDT" description="Runs Cucumber Feature" data-provider="scenarios" finished-at="2022-03-24T13:03:06 EDT">
          <params>
            <param index="0">
              <value>
                <![CDATA["verify the seraching random text on googlesearch"]]>
              </value>
            </param>
            <param index="1">
              <value>
                <![CDATA["Optional[Testonthe google searchpage]"]]>
              </value>
            </param>
          </params>
          <reporter-output>
          </reporter-output>
        </test-method> <!-- scenario -->
        <test-method status="PASS" signature="scenario(io.cucumber.testng.PickleWrapper,io.cucumber.testng.FeatureWrapper)[pri:0, instance:MyConfig.TestRunnerTestNGScenario@1b083826]" name="scenario" duration-ms="7346" started-at="2022-03-24T13:03:06 EDT" description="Runs Cucumber Feature" data-provider="scenarios" finished-at="2022-03-24T13:03:14 EDT">
          <params>
            <param index="0">
              <value>
                <![CDATA["Verify user able to get the list of names in google search"]]>
              </value>
            </param>
            <param index="1">
              <value>
                <![CDATA["Optional[Testonthe google searchpage]"]]>
              </value>
            </param>
          </params>
          <reporter-output>
          </reporter-output>
        </test-method> <!-- scenario -->
        <test-method status="PASS" signature="scenario(io.cucumber.testng.PickleWrapper,io.cucumber.testng.FeatureWrapper)[pri:0, instance:MyConfig.TestRunnerTestNGScenario@1b083826]" name="scenario" duration-ms="10398" started-at="2022-03-24T13:03:14 EDT" description="Runs Cucumber Feature" data-provider="scenarios" finished-at="2022-03-24T13:03:24 EDT">
          <params>
            <param index="0">
              <value>
                <![CDATA["Verify user able to get the list of names in google search"]]>
              </value>
            </param>
            <param index="1">
              <value>
                <![CDATA["Optional[Testonthe google searchpage]"]]>
              </value>
            </param>
          </params>
          <reporter-output>
          </reporter-output>
        </test-method> <!-- scenario -->
        <test-method status="PASS" signature="scenario(io.cucumber.testng.PickleWrapper,io.cucumber.testng.FeatureWrapper)[pri:0, instance:MyConfig.TestRunnerTestNGScenario@1b083826]" name="scenario" duration-ms="4899" started-at="2022-03-24T13:03:24 EDT" description="Runs Cucumber Feature" data-provider="scenarios" finished-at="2022-03-24T13:03:29 EDT">
          <params>
            <param index="0">
              <value>
                <![CDATA["Verify user able to get the list of names in google search"]]>
              </value>
            </param>
            <param index="1">
              <value>
                <![CDATA["Optional[Testonthe google searchpage]"]]>
              </value>
            </param>
          </params>
          <reporter-output>
          </reporter-output>
        </test-method> <!-- scenario -->
        <test-method status="PASS" signature="scenario(io.cucumber.testng.PickleWrapper,io.cucumber.testng.FeatureWrapper)[pri:0, instance:MyConfig.TestRunnerTestNGScenario@1b083826]" name="scenario" duration-ms="7499" started-at="2022-03-24T13:03:29 EDT" description="Runs Cucumber Feature" data-provider="scenarios" finished-at="2022-03-24T13:03:37 EDT">
          <params>
            <param index="0">
              <value>
                <![CDATA["Verify user able to get the list of names in google search"]]>
              </value>
            </param>
            <param index="1">
              <value>
                <![CDATA["Optional[Testonthe google searchpage]"]]>
              </value>
            </param>
          </params>
          <reporter-output>
          </reporter-output>
        </test-method> <!-- scenario -->
        <test-method status="PASS" signature="scenario(io.cucumber.testng.PickleWrapper,io.cucumber.testng.FeatureWrapper)[pri:0, instance:MyConfig.TestRunnerTestNGScenario@1b083826]" name="scenario" duration-ms="4865" started-at="2022-03-24T13:03:37 EDT" description="Runs Cucumber Feature" data-provider="scenarios" finished-at="2022-03-24T13:03:41 EDT">
          <params>
            <param index="0">
              <value>
                <![CDATA["verify the seraching random text on googlesearch1"]]>
              </value>
            </param>
            <param index="1">
              <value>
                <![CDATA["Optional[Testonthe google searchpage]"]]>
              </value>
            </param>
          </params>
          <reporter-output>
          </reporter-output>
        </test-method> <!-- scenario -->
        <test-method status="FAIL" signature="scenario(io.cucumber.testng.PickleWrapper,io.cucumber.testng.FeatureWrapper)[pri:0, instance:MyConfig.TestRunnerTestNGScenario@1b083826]" name="scenario" duration-ms="2299" started-at="2022-03-24T13:03:41 EDT" description="Runs Cucumber Feature" data-provider="scenarios" finished-at="2022-03-24T13:03:44 EDT">
          <params>
            <param index="0">
              <value>
                <![CDATA["verify the seraching random text on googlesearch1"]]>
              </value>
            </param>
            <param index="1">
              <value>
                <![CDATA["Optional[Testonthe google searchpage]"]]>
              </value>
            </param>
          </params>
          <exception class="io.cucumber.testng.UndefinedStepException">
            <message>
              <![CDATA[The step 'User enter "name" into textbox "googlesearchbox" and verify "1st-result" contains Text "Wikipedia" on "GlSearchrResult" page' is undefined.
You can implement this step using the snippet(s) below:

@When("User enter {string} into textbox {string} and verify {string} contains Text {string} on {string} page")
public void user_enter_into_textbox_and_verify_contains_text_on_page(String string, String string2, String string3, String string4, String string5) {
    // Write code here that turns the phrase above into concrete actions
    throw new io.cucumber.java.PendingException();
}
]]>
            </message>
            <full-stacktrace>
              <![CDATA[io.cucumber.testng.UndefinedStepException: The step 'User enter "name" into textbox "googlesearchbox" and verify "1st-result" contains Text "Wikipedia" on "GlSearchrResult" page' is undefined.
You can implement this step using the snippet(s) below:

@When("User enter {string} into textbox {string} and verify {string} contains Text {string} on {string} page")
public void user_enter_into_textbox_and_verify_contains_text_on_page(String string, String string2, String string3, String string4, String string5) {
    // Write code here that turns the phrase above into concrete actions
    throw new io.cucumber.java.PendingException();
}

at io.cucumber.core.runtime.TestCaseResultObserver.assertTestCasePassed(TestCaseResultObserver.java:69)
at io.cucumber.testng.TestCaseResultObserver.assertTestCasePassed(TestCaseResultObserver.java:23)
at io.cucumber.testng.TestNGCucumberRunner.lambda$runScenario$0(TestNGCucumberRunner.java:118)
at io.cucumber.core.runtime.CucumberExecutionContext.runTestCase(CucumberExecutionContext.java:117)
at io.cucumber.testng.TestNGCucumberRunner.runScenario(TestNGCucumberRunner.java:114)
at MyConfig.TestRunnerTestNGScenario.scenario(TestRunnerTestNGScenario.java:61)
at sun.reflect.NativeMethodAccessorImpl.invoke0(Native Method)
at sun.reflect.NativeMethodAccessorImpl.invoke(Unknown Source)
at sun.reflect.DelegatingMethodAccessorImpl.invoke(Unknown Source)
at java.lang.reflect.Method.invoke(Unknown Source)
at org.testng.internal.MethodInvocationHelper.invokeMethod(MethodInvocationHelper.java:133)
at org.testng.internal.TestInvoker.invokeMethod(TestInvoker.java:598)
at org.testng.internal.TestInvoker.invokeTestMethod(TestInvoker.java:173)
at org.testng.internal.MethodRunner.runInSequence(MethodRunner.java:46)
at org.testng.internal.TestInvoker$MethodInvocationAgent.invoke(TestInvoker.java:824)
at org.testng.internal.TestInvoker.invokeTestMethods(TestInvoker.java:146)
at org.testng.internal.TestMethodWorker.invokeTestMethods(TestMethodWorker.java:146)
at org.testng.internal.TestMethodWorker.run(TestMethodWorker.java:128)
at java.util.ArrayList.forEach(Unknown Source)
at org.testng.TestRunner.privateRun(TestRunner.java:794)
at org.testng.TestRunner.run(TestRunner.java:596)
at org.testng.SuiteRunner.runTest(SuiteRunner.java:377)
at org.testng.SuiteRunner.runSequentially(SuiteRunner.java:371)
at org.testng.SuiteRunner.privateRun(SuiteRunner.java:332)
at org.testng.SuiteRunner.run(SuiteRunner.java:276)
at org.testng.SuiteRunnerWorker.runSuite(SuiteRunnerWorker.java:53)
at org.testng.SuiteRunnerWorker.run(SuiteRunnerWorker.java:96)
at org.testng.TestNG.runSuitesSequentially(TestNG.java:1212)
at org.testng.TestNG.runSuitesLocally(TestNG.java:1134)
at org.testng.TestNG.runSuites(TestNG.java:1063)
at org.testng.TestNG.run(TestNG.java:1031)
at org.testng.remote.AbstractRemoteTestNG.run(AbstractRemoteTestNG.java:115)
at org.testng.remote.RemoteTestNG.initAndRun(RemoteTestNG.java:251)
at org.testng.remote.RemoteTestNG.main(RemoteTestNG.java:77)
]]>
            </full-stacktrace>
          </exception> <!-- io.cucumber.testng.UndefinedStepException -->
          <reporter-output>
          </reporter-output>
        </test-method> <!-- scenario -->
        <test-method status="PASS" signature="tearDownClass()[pri:0, instance:MyConfig.TestRunnerTestNGScenario@1b083826]" name="tearDownClass" is-config="true" duration-ms="4432" started-at="2022-03-24T13:03:44 EDT" finished-at="2022-03-24T13:03:48 EDT">
          <reporter-output>
          </reporter-output>
        </test-method> <!-- tearDownClass -->
      </class> <!-- MyConfig.TestRunnerTestNGScenario -->
    </test> <!-- Default test -->
  </suite> <!-- Default suite -->
</testng-results>
